<?xml version="1.0" encoding="UTF-8"?>
<testng-results skipped="0" failed="0" ignored="0" total="0" passed="0">
  <reporter-output>
  </reporter-output>
  <suite name="nh.ui.antomation.test.cases" duration-ms="2" started-at="2017-06-11T08:28:26Z" finished-at="2017-06-11T08:28:26Z">
    <groups>
    </groups>
    <test name="Case2" duration-ms="2" started-at="2017-06-11T08:28:26Z" finished-at="2017-06-11T08:28:26Z">
    </test> <!-- Case2 -->
  </suite> <!-- nh.ui.antomation.test.cases -->
</testng-results>
